Release 14.7 - xst P.20131013 (nt)
Copyright (c) 1995-2013 Xilinx, Inc.  All rights reserved.
--> Parameter TMPDIR set to xst/projnav.tmp


Total REAL time to Xst completion: 0.00 secs
Total CPU time to Xst completion: 0.07 secs
 
--> Parameter xsthdpdir set to xst


Total REAL time to Xst completion: 0.00 secs
Total CPU time to Xst completion: 0.07 secs
 
--> Reading design: R8_BRAM.prj

TABLE OF CONTENTS
  1) Synthesis Options Summary
  2) HDL Parsing
  3) HDL Elaboration
  4) HDL Synthesis
       4.1) HDL Synthesis Report
  5) Advanced HDL Synthesis
       5.1) Advanced HDL Synthesis Report
  6) Low Level Synthesis
  7) Partition Report
  8) Design Summary
       8.1) Primitive and Black Box Usage
       8.2) Device utilization summary
       8.3) Partition Resource Summary
       8.4) Timing Report
            8.4.1) Clock Information
            8.4.2) Asynchronous Control Signals Information
            8.4.3) Timing Summary
            8.4.4) Timing Details
            8.4.5) Cross Clock Domains Report


=========================================================================
*                      Synthesis Options Summary                        *
=========================================================================
---- Source Parameters
Input File Name                    : "R8_BRAM.prj"
Ignore Synthesis Constraint File   : NO

---- Target Parameters
Output File Name                   : "R8_BRAM"
Output Format                      : NGC
Target Device                      : xc6slx16-3-csg324

---- Source Options
Top Module Name                    : R8_BRAM
Automatic FSM Extraction           : YES
FSM Encoding Algorithm             : Auto
Safe Implementation                : No
FSM Style                          : LUT
RAM Extraction                     : Yes
RAM Style                          : Auto
ROM Extraction                     : Yes
Shift Register Extraction          : YES
ROM Style                          : Auto
Resource Sharing                   : YES
Asynchronous To Synchronous        : NO
Shift Register Minimum Size        : 2
Use DSP Block                      : Auto
Automatic Register Balancing       : No

---- Target Options
LUT Combining                      : Auto
Reduce Control Sets                : Auto
Add IO Buffers                     : YES
Global Maximum Fanout              : 100000
Add Generic Clock Buffer(BUFG)     : 16
Register Duplication               : YES
Optimize Instantiated Primitives   : NO
Use Clock Enable                   : Auto
Use Synchronous Set                : Auto
Use Synchronous Reset              : Auto
Pack IO Registers into IOBs        : Auto
Equivalent register Removal        : YES

---- General Options
Optimization Goal                  : Speed
Optimization Effort                : 1
Power Reduction                    : NO
Keep Hierarchy                     : No
Netlist Hierarchy                  : As_Optimized
RTL Output                         : Yes
Global Optimization                : AllClockNets
Read Cores                         : YES
Write Timing Constraints           : NO
Cross Clock Analysis               : NO
Hierarchy Separator                : /
Bus Delimiter                      : <>
Case Specifier                     : Maintain
Slice Utilization Ratio            : 100
BRAM Utilization Ratio             : 100
DSP48 Utilization Ratio            : 100
Auto BRAM Packing                  : NO
Slice Utilization Ratio Delta      : 5

=========================================================================


=========================================================================
*                          HDL Parsing                                  *
=========================================================================
Parsing VHDL file "C:\Documents and Settings\dfdfjf\Desktop\projetos_vhdl\r8_timer\Util_package.vhd" into library work
Parsing package <Util_package>.
Parsing package body <Util_package>.
Parsing VHDL file "C:\Documents and Settings\dfdfjf\Desktop\projetos_vhdl\r8_timer\RegisterNbits.vhd" into library work
Parsing entity <RegisterNbits>.
Parsing architecture <behavioral> of entity <registernbits>.
Parsing VHDL file "C:\Documents and Settings\dfdfjf\Desktop\projetos_vhdl\r8_timer\R8.vhd" into library work
Parsing entity <R8>.
Parsing architecture <behavioral> of entity <r8>.
Parsing VHDL file "C:\Documents and Settings\dfdfjf\Desktop\projetos_vhdl\r8_timer\Memory.vhd" into library work
Parsing entity <Memory>.
Parsing architecture <BlockRAM> of entity <memory>.
Parsing VHDL file "C:\Documents and Settings\dfdfjf\Desktop\projetos_vhdl\r8_timer\DisplayCtrl.vhd" into library work
Parsing entity <DisplayCtrl>.
Parsing architecture <arch1> of entity <displayctrl>.
Parsing VHDL file "C:\Documents and Settings\dfdfjf\Desktop\projetos_vhdl\r8_timer\ClockManager.vhd" into library work
Parsing entity <ClockManager>.
Parsing architecture <xilinx> of entity <clockmanager>.
Parsing VHDL file "C:\Documents and Settings\dfdfjf\Desktop\projetos_vhdl\r8_timer\BCDConv.vhd" into library work
Parsing entity <BCDConv>.
Parsing architecture <behavioral> of entity <bcdconv>.
Parsing VHDL file "C:\Documents and Settings\dfdfjf\Desktop\projetos_vhdl\r8_timer\R8_BRAM.vhd" into library work
Parsing entity <R8_BRAM>.
Parsing architecture <arch1> of entity <r8_bram>.

=========================================================================
*                            HDL Elaboration                            *
=========================================================================

Elaborating entity <R8_BRAM> (architecture <arch1>) from library <work>.

Elaborating entity <ClockManager> (architecture <xilinx>) from library <work>.

Elaborating entity <R8> (architecture <behavioral>) from library <work>.

Elaborating entity <Memory> (architecture <BlockRAM>) with generics from library <work>.

Elaborating entity <RegisterNbits> (architecture <behavioral>) with generics from library <work>.

Elaborating entity <BCDConv> (architecture <behavioral>) from library <work>.

Elaborating entity <DisplayCtrl> (architecture <arch1>) from library <work>.

=========================================================================
*                           HDL Synthesis                               *
=========================================================================

Synthesizing Unit <R8_BRAM>.
    Related source file is "C:\Documents and Settings\dfdfjf\Desktop\projetos_vhdl\r8_timer\R8_BRAM.vhd".
INFO:Xst:3210 - "C:\Documents and Settings\dfdfjf\Desktop\projetos_vhdl\r8_timer\R8_BRAM.vhd" line 37: Output port <clk_out> of the instance <DCM> is unconnected or connected to loadless signal.
INFO:Xst:3210 - "C:\Documents and Settings\dfdfjf\Desktop\projetos_vhdl\r8_timer\R8_BRAM.vhd" line 37: Output port <clk_out_n> of the instance <DCM> is unconnected or connected to loadless signal.
    Summary:
	no macro.
Unit <R8_BRAM> synthesized.

Synthesizing Unit <ClockManager>.
    Related source file is "C:\Documents and Settings\dfdfjf\Desktop\projetos_vhdl\r8_timer\ClockManager.vhd".
    Summary:
	no macro.
Unit <ClockManager> synthesized.

Synthesizing Unit <R8>.
    Related source file is "C:\Documents and Settings\dfdfjf\Desktop\projetos_vhdl\r8_timer\R8.vhd".
    Found 16-bit register for signal <pc>.
    Found 16-bit register for signal <ir>.
    Found 16-bit register for signal <rA>.
    Found 16-bit register for signal <rB>.
    Found 16-bit register for signal <rALU>.
    Found 16-bit register for signal <registerFile<0>>.
    Found 16-bit register for signal <registerFile<1>>.
    Found 16-bit register for signal <registerFile<2>>.
    Found 16-bit register for signal <registerFile<3>>.
    Found 16-bit register for signal <registerFile<4>>.
    Found 16-bit register for signal <registerFile<5>>.
    Found 16-bit register for signal <registerFile<6>>.
    Found 16-bit register for signal <registerFile<7>>.
    Found 16-bit register for signal <registerFile<8>>.
    Found 16-bit register for signal <registerFile<9>>.
    Found 16-bit register for signal <registerFile<10>>.
    Found 16-bit register for signal <registerFile<11>>.
    Found 16-bit register for signal <registerFile<12>>.
    Found 16-bit register for signal <registerFile<13>>.
    Found 16-bit register for signal <registerFile<14>>.
    Found 16-bit register for signal <registerFile<15>>.
    Found 4-bit register for signal <currentState>.
    Found 16-bit register for signal <sp>.
    Found 1-bit register for signal <carryFlag>.
    Found 1-bit register for signal <negativeFlag>.
    Found 1-bit register for signal <zeroFlag>.
    Found 1-bit register for signal <overflowFlag>.
    Found finite state machine <FSM_0> for signal <currentState>.
    -----------------------------------------------------------------------
    | States             | 14                                             |
    | Transitions        | 35                                             |
    | Inputs             | 11                                             |
    | Outputs            | 11                                             |
    | Clock              | clk (rising_edge)                              |
    | Reset              | rst (positive)                                 |
    | Reset type         | asynchronous                                   |
    | Reset State        | sidle                                          |
    | Power Up State     | sidle                                          |
    | Encoding           | auto                                           |
    | Implementation     | LUT                                            |
    -----------------------------------------------------------------------
    Found 16-bit adder for signal <pc[15]_GND_14_o_add_1_OUT> created at line 106.
    Found 17-bit adder for signal <GND_14_o_GND_14_o_add_51_OUT> created at line 162.
    Found 17-bit adder for signal <GND_14_o_GND_14_o_add_54_OUT> created at line 201.
    Found 17-bit adder for signal <n0754> created at line 230.
    Found 17-bit adder for signal <GND_14_o_GND_14_o_add_59_OUT> created at line 230.
    Found 17-bit adder for signal <n0759> created at line 260.
    Found 17-bit adder for signal <GND_14_o_GND_14_o_add_64_OUT> created at line 260.
    Found 16-bit adder for signal <sp[15]_GND_14_o_add_95_OUT> created at line 461.
    Found 16-bit adder for signal <GND_14_o_opB[15]_add_101_OUT> created at line 486.
    Found 16-bit adder for signal <PWR_9_o_opB[15]_add_102_OUT> created at line 488.
    Found 16-bit adder for signal <opA[15]_opB[15]_add_105_OUT> created at line 495.
    Found 16-bit adder for signal <GND_14_o_opB[15]_add_107_OUT> created at line 502.
    Found 16-bit adder for signal <PWR_9_o_opB[15]_add_108_OUT> created at line 504.
    Found 16-bit subtractor for signal <GND_14_o_GND_14_o_sub_217_OUT<15:0>> created at line 554.
INFO:Xst:3019 - HDL ADVISOR - 256 flip-flops were inferred for signal <registerFile>. You may be trying to describe a RAM in a way that is incompatible with block and distributed RAM resources available on Xilinx devices, or with a specific template that is not supported. Please review the Xilinx resources documentation and the XST user manual for coding guidelines. Taking advantage of RAM resources will lead to improved device usage and reduced synthesis time.
INFO:Xst:3019 - HDL ADVISOR - 256 flip-flops were inferred for signal <registerFile>. You may be trying to describe a RAM in a way that is incompatible with block and distributed RAM resources available on Xilinx devices, or with a specific template that is not supported. Please review the Xilinx resources documentation and the XST user manual for coding guidelines. Taking advantage of RAM resources will lead to improved device usage and reduced synthesis time.
INFO:Xst:3019 - HDL ADVISOR - 256 flip-flops were inferred for signal <registerFile>. You may be trying to describe a RAM in a way that is incompatible with block and distributed RAM resources available on Xilinx devices, or with a specific template that is not supported. Please review the Xilinx resources documentation and the XST user manual for coding guidelines. Taking advantage of RAM resources will lead to improved device usage and reduced synthesis time.
    Found 16-bit 16-to-1 multiplexer for signal <ir[7]_registerFile[15][15]_wide_mux_32_OUT> created at line 142.
    Found 16-bit 16-to-1 multiplexer for signal <ir[3]_registerFile[15][15]_wide_mux_33_OUT> created at line 143.
    Found 16-bit 16-to-1 multiplexer for signal <ir[11]_registerFile[15][15]_wide_mux_437_OUT> created at line 722.
    Summary:
	inferred  14 Adder/Subtractor(s).
	inferred 356 D-type flip-flop(s).
	inferred 130 Multiplexer(s).
	inferred   1 Finite State Machine(s).
Unit <R8> synthesized.

Synthesizing Unit <Memory>.
    Related source file is "C:\Documents and Settings\dfdfjf\Desktop\projetos_vhdl\r8_timer\Memory.vhd".
        DATA_WIDTH = 16
        ADDR_WIDTH = 15
        IMAGE = "Cronometro_R8_BRAM.txt"
    Found 32768x16-bit single-port RAM <Mram_RAM> for signal <RAM>.
    Found 16-bit register for signal <data_out>.
    Summary:
	inferred   1 RAM(s).
	inferred  16 D-type flip-flop(s).
	inferred   1 Multiplexer(s).
Unit <Memory> synthesized.

Synthesizing Unit <RegisterNbits>.
    Related source file is "C:\Documents and Settings\dfdfjf\Desktop\projetos_vhdl\r8_timer\RegisterNbits.vhd".
        WIDTH = 16
        INIT_VALUE = 0
    Found 16-bit register for signal <q>.
    Summary:
	inferred  16 D-type flip-flop(s).
Unit <RegisterNbits> synthesized.

Synthesizing Unit <BCDConv>.
    Related source file is "C:\Documents and Settings\dfdfjf\Desktop\projetos_vhdl\r8_timer\BCDConv.vhd".
    Found 16x8-bit Read Only RAM for signal <d_out>
    Summary:
	inferred   1 RAM(s).
Unit <BCDConv> synthesized.

Synthesizing Unit <DisplayCtrl>.
    Related source file is "C:\Documents and Settings\dfdfjf\Desktop\projetos_vhdl\r8_timer\DisplayCtrl.vhd".
    Found 4-bit register for signal <display_en_n>.
    Found 2-bit register for signal <display>.
    Found 16-bit register for signal <count>.
    Found 8-bit register for signal <segments>.
    Found 16-bit adder for signal <count[15]_GND_21_o_add_0_OUT> created at line 46.
    Found 2-bit adder for signal <display[1]_GND_21_o_add_3_OUT> created at line 64.
    Found 4x4-bit Read Only RAM for signal <display[1]_GND_21_o_wide_mux_4_OUT>
    Found 8-bit 4-to-1 multiplexer for signal <display[1]_display3[7]_wide_mux_5_OUT> created at line 67.
    Summary:
	inferred   1 RAM(s).
	inferred   2 Adder/Subtractor(s).
	inferred  30 D-type flip-flop(s).
	inferred   1 Multiplexer(s).
Unit <DisplayCtrl> synthesized.

=========================================================================
HDL Synthesis Report

Macro Statistics
# RAMs                                                 : 6
 16x8-bit single-port Read Only RAM                    : 4
 32768x16-bit single-port RAM                          : 1
 4x4-bit single-port Read Only RAM                     : 1
# Adders/Subtractors                                   : 16
 16-bit adder                                          : 8
 16-bit subtractor                                     : 1
 17-bit adder                                          : 6
 2-bit adder                                           : 1
# Registers                                            : 32
 1-bit register                                        : 4
 16-bit register                                       : 25
 2-bit register                                        : 1
 4-bit register                                        : 1
 8-bit register                                        : 1
# Multiplexers                                         : 132
 1-bit 2-to-1 multiplexer                              : 40
 16-bit 16-to-1 multiplexer                            : 3
 16-bit 2-to-1 multiplexer                             : 72
 5-bit 2-to-1 multiplexer                              : 16
 8-bit 4-to-1 multiplexer                              : 1
# FSMs                                                 : 1
# Xors                                                 : 1
 17-bit xor2                                           : 1

=========================================================================

=========================================================================
*                       Advanced HDL Synthesis                          *
=========================================================================


Synthesizing (advanced) Unit <BCDConv>.
INFO:Xst:3218 - HDL ADVISOR - The RAM <Mram_d_out> will be implemented on LUTs either because you have described an asynchronous read or because of currently unsupported block RAM features. If you have described an asynchronous read, making it synchronous would allow you to take advantage of available block RAM resources, for optimized device usage and improved timings. Please refer to your documentation for coding guidelines.
    -----------------------------------------------------------------------
    | ram_type           | Distributed                         |          |
    -----------------------------------------------------------------------
    | Port A                                                              |
    |     aspect ratio   | 16-word x 8-bit                     |          |
    |     weA            | connected to signal <GND>           | high     |
    |     addrA          | connected to signal <d_in>          |          |
    |     diA            | connected to signal <GND>           |          |
    |     doA            | connected to signal <d_out>         |          |
    -----------------------------------------------------------------------
Unit <BCDConv> synthesized (advanced).

Synthesizing (advanced) Unit <DisplayCtrl>.
The following registers are absorbed into counter <count>: 1 register on signal <count>.
The following registers are absorbed into counter <display>: 1 register on signal <display>.
INFO:Xst:3217 - HDL ADVISOR - Register <display_en_n> currently described with an asynchronous reset, could be combined with distributed RAM <Mram_display[1]_GND_21_o_wide_mux_4_OUT> for implementation on block RAM resources if you made this reset synchronous instead.
    -----------------------------------------------------------------------
    | ram_type           | Distributed                         |          |
    -----------------------------------------------------------------------
    | Port A                                                              |
    |     aspect ratio   | 4-word x 4-bit                      |          |
    |     weA            | connected to signal <GND>           | high     |
    |     addrA          | connected to signal <display>       |          |
    |     diA            | connected to signal <GND>           |          |
    |     doA            | connected to internal node          |          |
    -----------------------------------------------------------------------
Unit <DisplayCtrl> synthesized (advanced).

Synthesizing (advanced) Unit <Memory>.
INFO:Xst:3226 - The RAM <Mram_RAM> will be implemented as a BLOCK RAM, absorbing the following register(s): <data_out>
    -----------------------------------------------------------------------
    | ram_type           | Block                               |          |
    -----------------------------------------------------------------------
    | Port A                                                              |
    |     aspect ratio   | 32768-word x 16-bit                 |          |
    |     mode           | write-first                         |          |
    |     clkA           | connected to signal <clk>           | rise     |
    |     enA            | connected to signal <en>            | high     |
    |     weA            | connected to signal <wr>            | high     |
    |     addrA          | connected to signal <address>       |          |
    |     diA            | connected to signal <data_in>       |          |
    |     doA            | connected to signal <data_out>      |          |
    -----------------------------------------------------------------------
    | optimization       | speed                               |          |
    -----------------------------------------------------------------------
Unit <Memory> synthesized (advanced).

Synthesizing (advanced) Unit <R8>.
The following registers are absorbed into counter <sp>: 1 register on signal <sp>.
Unit <R8> synthesized (advanced).

=========================================================================
Advanced HDL Synthesis Report

Macro Statistics
# RAMs                                                 : 6
 16x8-bit single-port distributed Read Only RAM        : 4
 32768x16-bit single-port block RAM                    : 1
 4x4-bit single-port distributed Read Only RAM         : 1
# Adders/Subtractors                                   : 11
 16-bit adder                                          : 7
 17-bit adder                                          : 2
 17-bit adder carry in                                 : 2
# Counters                                             : 3
 16-bit down counter                                   : 1
 16-bit up counter                                     : 1
 2-bit up counter                                      : 1
# Registers                                            : 368
 Flip-Flops                                            : 368
# Multiplexers                                         : 130
 1-bit 2-to-1 multiplexer                              : 40
 16-bit 16-to-1 multiplexer                            : 3
 16-bit 2-to-1 multiplexer                             : 70
 5-bit 2-to-1 multiplexer                              : 16
 8-bit 4-to-1 multiplexer                              : 1
# FSMs                                                 : 1
# Xors                                                 : 1
 17-bit xor2                                           : 1

=========================================================================

=========================================================================
*                         Low Level Synthesis                           *
=========================================================================
Analyzing FSM <MFsm> for best encoding.
Optimizing FSM <PROCESSOR/FSM_0> on signal <currentState[1:4]> with user encoding.
--------------------
 State  | Encoding
--------------------
 sidle  | 0000
 sfetch | 0001
 sreg   | 0010
 shalt  | 0011
 salu   | 0100
 srts   | 0101
 spop   | 0110
 sldsp  | 0111
 sld    | 1000
 sst    | 1001
 swbk   | 1010
 sjmp   | 1011
 ssbrt  | 1100
 spush  | 1101
--------------------

Optimizing unit <RegisterNbits> ...

Optimizing unit <R8_BRAM> ...

Optimizing unit <R8> ...

Optimizing unit <DisplayCtrl> ...
WARNING:Xst:1710 - FF/Latch <DispCtrl/segments_0> (without init value) has a constant value of 1 in block <R8_BRAM>. This FF/Latch will be trimmed during the optimization process.

Mapping all equations...
Building and optimizing final netlist ...
Found area constraint ratio of 100 (+ 5) on block R8_BRAM, actual ratio is 14.
FlipFlop PROCESSOR/ir_0 has been replicated 2 time(s)
FlipFlop PROCESSOR/ir_1 has been replicated 2 time(s)
FlipFlop PROCESSOR/ir_12 has been replicated 4 time(s)
FlipFlop PROCESSOR/ir_13 has been replicated 3 time(s)
FlipFlop PROCESSOR/ir_14 has been replicated 2 time(s)
FlipFlop PROCESSOR/ir_15 has been replicated 3 time(s)
FlipFlop PROCESSOR/ir_2 has been replicated 2 time(s)
FlipFlop PROCESSOR/ir_3 has been replicated 2 time(s)

Final Macro Processing ...

=========================================================================
Final Register Report

Macro Statistics
# Registers                                            : 426
 Flip-Flops                                            : 426

=========================================================================

=========================================================================
*                           Partition Report                            *
=========================================================================

Partition Implementation Status
-------------------------------

  No Partitions were found in this design.

-------------------------------

=========================================================================
*                            Design Summary                             *
=========================================================================

Top Level Output File Name         : R8_BRAM.ngc

Primitive and Black Box Usage:
------------------------------
# BELS                             : 1540
#      GND                         : 1
#      INV                         : 6
#      LUT1                        : 45
#      LUT2                        : 13
#      LUT3                        : 71
#      LUT4                        : 193
#      LUT5                        : 188
#      LUT6                        : 447
#      MUXCY                       : 199
#      MUXF7                       : 120
#      MUXF8                       : 48
#      VCC                         : 1
#      XORCY                       : 208
# FlipFlops/Latches                : 426
#      FDC                         : 20
#      FDCE                        : 379
#      FDE                         : 8
#      FDPE                        : 19
# RAMS                             : 32
#      RAMB16BWER                  : 32
# Clock Buffers                    : 3
#      BUFG                        : 3
# IO Buffers                       : 14
#      IBUF                        : 1
#      IBUFG                       : 1
#      OBUF                        : 12
# DCMs                             : 1
#      DCM_SP                      : 1

Device utilization summary:
---------------------------

Selected Device : 6slx16csg324-3 


Slice Logic Utilization: 
 Number of Slice Registers:             426  out of  18224     2%  
 Number of Slice LUTs:                  963  out of   9112    10%  
    Number used as Logic:               963  out of   9112    10%  

Slice Logic Distribution: 
 Number of LUT Flip Flop pairs used:   1046
   Number with an unused Flip Flop:     620  out of   1046    59%  
   Number with an unused LUT:            83  out of   1046     7%  
   Number of fully used LUT-FF pairs:   343  out of   1046    32%  
   Number of unique control sets:        28

IO Utilization: 
 Number of IOs:                          14
 Number of bonded IOBs:                  14  out of    232     6%  

Specific Feature Utilization:
 Number of Block RAM/FIFO:               32  out of     32   100%  
    Number using Block RAM only:         32
 Number of BUFG/BUFGCTRLs:                3  out of     16    18%  

---------------------------
Partition Resource Summary:
---------------------------

  No Partitions were found in this design.

---------------------------


=========================================================================
Timing Report

NOTE: THESE TIMING NUMBERS ARE ONLY A SYNTHESIS ESTIMATE.
      FOR ACCURATE TIMING INFORMATION PLEASE REFER TO THE TRACE REPORT
      GENERATED AFTER PLACE-and-ROUTE.

Clock Information:
------------------
-----------------------------------+------------------------+-------+
Clock Signal                       | Clock buffer(FF name)  | Load  |
-----------------------------------+------------------------+-------+
clk                                | DCM_SP:CLKDV           | 458   |
-----------------------------------+------------------------+-------+

Asynchronous Control Signals Information:
----------------------------------------
No asynchronous control signals found in this design

Timing Summary:
---------------
Speed Grade: -3

   Minimum period: 8.999ns (Maximum Frequency: 111.119MHz)
   Minimum input arrival time before clock: 6.207ns
   Maximum output required time after clock: 3.597ns
   Maximum combinational path delay: No path found

Timing Details:
---------------
All values displayed in nanoseconds (ns)

=========================================================================
Timing constraint: Default period analysis for Clock 'clk'
  Clock period: 8.999ns (frequency: 111.119MHz)
  Total number of paths / destination ports: 2973105 / 1472
-------------------------------------------------------------------------
Delay:               8.999ns (Levels of Logic = 7)
  Source:            PROCESSOR/ir_14_1 (FF)
  Destination:       RAM/Mram_RAM31 (RAM)
  Source Clock:      clk rising 0.5X
  Destination Clock: clk falling 0.5X

  Data Path: PROCESSOR/ir_14_1 to RAM/Mram_RAM31
                                Gate     Net
    Cell:in->out      fanout   Delay   Delay  Logical Name (Net Name)
    ----------------------------------------  ------------
     FDCE:C->Q             2   0.447   0.864  PROCESSOR/ir_14_1 (PROCESSOR/ir_14_1)
     LUT4:I0->O           16   0.203   1.005  PROCESSOR/_n2290<15>1 (PROCESSOR/_n2290)
     LUT6:I5->O            2   0.205   0.721  PROCESSOR/Mmux_PWR_9_o_GND_14_o_mux_389_OUT3111 (PROCESSOR/Mmux_PWR_9_o_GND_14_o_mux_389_OUT311)
     LUT5:I3->O            4   0.203   0.684  PROCESSOR/decodedInstruction<2>6_SW0 (N148)
     LUT6:I5->O           15   0.205   1.086  PROCESSOR/decodedInstruction<2>6_2 (PROCESSOR/decodedInstruction<2>6_1)
     LUT6:I4->O            4   0.203   0.788  PROCESSOR/Mmux_opB71_SW3 (N118)
     LUT5:I3->O           17   0.203   1.028  PROCESSOR/Mmux_opB71 (PROCESSOR/opB<15>)
     LUT3:I2->O            3   0.205   0.650  PROCESSOR/Mmux_data_out71 (dataR8_out<15>)
     RAMB16BWER:DIA0           0.300          RAM/Mram_RAM31
    ----------------------------------------
    Total                      8.999ns (2.174ns logic, 6.825ns route)
                                       (24.2% logic, 75.8% route)

=========================================================================
Timing constraint: Default OFFSET IN BEFORE for Clock 'clk'
  Total number of paths / destination ports: 474 / 474
-------------------------------------------------------------------------
Offset:              6.207ns (Levels of Logic = 3)
  Source:            rst (PAD)
  Destination:       REGDISP/q_15 (FF)
  Destination Clock: clk rising 0.5X

  Data Path: rst to REGDISP/q_15
                                Gate     Net
    Cell:in->out      fanout   Delay   Delay  Logical Name (Net Name)
    ----------------------------------------  ------------
     IBUF:I->O           421   1.222   2.426  rst_IBUF (rst_IBUF)
     LUT5:I0->O            1   0.203   0.827  PROCESSOR/ce1 (ce)
     LUT5:I1->O           16   0.203   1.004  ce_regDisp4 (ce_regDisp)
     FDCE:CE                   0.322          REGDISP/q_0
    ----------------------------------------
    Total                      6.207ns (1.950ns logic, 4.257ns route)
                                       (31.4% logic, 68.6% route)

=========================================================================
Timing constraint: Default OFFSET OUT AFTER for Clock 'clk'
  Total number of paths / destination ports: 11 / 11
-------------------------------------------------------------------------
Offset:              3.597ns (Levels of Logic = 1)
  Source:            DispCtrl/segments_7 (FF)
  Destination:       segments<7> (PAD)
  Source Clock:      clk rising 0.5X

  Data Path: DispCtrl/segments_7 to segments<7>
                                Gate     Net
    Cell:in->out      fanout   Delay   Delay  Logical Name (Net Name)
    ----------------------------------------  ------------
     FDE:C->Q              1   0.447   0.579  DispCtrl/segments_7 (DispCtrl/segments_7)
     OBUF:I->O                 2.571          segments_7_OBUF (segments<7>)
    ----------------------------------------
    Total                      3.597ns (3.018ns logic, 0.579ns route)
                                       (83.9% logic, 16.1% route)

=========================================================================

Cross Clock Domains Report:
--------------------------

Clock to Setup on destination clock clk
---------------+---------+---------+---------+---------+
               | Src:Rise| Src:Fall| Src:Rise| Src:Fall|
Source Clock   |Dest:Rise|Dest:Rise|Dest:Fall|Dest:Fall|
---------------+---------+---------+---------+---------+
clk            |   14.324|    4.054|    8.999|         |
---------------+---------+---------+---------+---------+

=========================================================================


Total REAL time to Xst completion: 38.00 secs
Total CPU time to Xst completion: 38.83 secs
 
--> 

Total memory usage is 184244 kilobytes

Number of errors   :    0 (   0 filtered)
Number of warnings :    1 (   0 filtered)
Number of infos    :    8 (   0 filtered)

